<?xml version="1.0" encoding="UTF-8"?>
<testng-results skipped="0" failed="0" ignored="0" total="0" passed="0">
  <reporter-output>
  </reporter-output>
  <suite name="com.MavenProject.New.AppTest" duration-ms="8" started-at="2019-02-11T17:11:43Z" finished-at="2019-02-11T17:11:43Z">
    <groups>
    </groups>
    <test name="Command line test" duration-ms="8" started-at="2019-02-11T17:11:43Z" finished-at="2019-02-11T17:11:43Z">
    </test> <!-- Command line test -->
  </suite> <!-- com.MavenProject.New.AppTest -->
</testng-results>
