<?xml version="1.0" encoding="UTF-8"?>
<testng-results skipped="0" failed="0" ignored="0" total="1" passed="1">
  <reporter-output>
  </reporter-output>
  <suite name="Default suite" duration-ms="969" started-at="2019-02-07T11:09:39Z" finished-at="2019-02-07T11:09:40Z">
    <groups>
    </groups>
    <test name="Default test" duration-ms="969" started-at="2019-02-07T11:09:39Z" finished-at="2019-02-07T11:09:40Z">
      <class name="com.ORHM.lib.LoginTest">
        <test-method status="PASS" signature="Login()[pri:0, instance:com.ORHM.lib.LoginTest@528931cf]" name="Login" duration-ms="938" started-at="2019-02-07T11:09:39Z" finished-at="2019-02-07T11:09:40Z">
          <reporter-output>
          </reporter-output>
        </test-method> <!-- Login -->
      </class> <!-- com.ORHM.lib.LoginTest -->
    </test> <!-- Default test -->
  </suite> <!-- Default suite -->
</testng-results>
