<?xml version="1.0" encoding="UTF-8"?>
<testng-results skipped="0" failed="0" ignored="0" total="3" passed="3">
  <reporter-output>
  </reporter-output>
  <suite name="fb login" duration-ms="105392" started-at="2019-02-08T06:50:57Z" finished-at="2019-02-08T06:52:42Z">
    <groups>
    </groups>
    <test name="qnet login test" duration-ms="58858" started-at="2019-02-08T06:50:57Z" finished-at="2019-02-08T06:51:55Z">
      <class name="com.TestNGAnnoations.NewUserRegistration">
        <test-method status="PASS" signature="SetUP()[pri:0, instance:com.TestNGAnnoations.NewUserRegistration@480bdb19]" name="SetUP" is-config="true" duration-ms="40039" started-at="2019-02-08T06:50:57Z" finished-at="2019-02-08T06:51:37Z">
          <reporter-output>
          </reporter-output>
        </test-method> <!-- SetUP -->
        <test-method status="PASS" signature="Register()[pri:0, instance:com.TestNGAnnoations.NewUserRegistration@480bdb19]" name="Register" duration-ms="2346" started-at="2019-02-08T06:51:37Z" finished-at="2019-02-08T06:51:39Z">
          <reporter-output>
          </reporter-output>
        </test-method> <!-- Register -->
        <test-method status="PASS" signature="UserRegistration()[pri:1, instance:com.TestNGAnnoations.NewUserRegistration@480bdb19]" name="UserRegistration" duration-ms="15631" started-at="2019-02-08T06:51:39Z" finished-at="2019-02-08T06:51:55Z">
          <reporter-output>
          </reporter-output>
        </test-method> <!-- UserRegistration -->
        <test-method status="PASS" signature="TearDown()[pri:0, instance:com.TestNGAnnoations.NewUserRegistration@480bdb19]" name="TearDown" is-config="true" duration-ms="766" started-at="2019-02-08T06:51:55Z" finished-at="2019-02-08T06:51:55Z">
          <reporter-output>
          </reporter-output>
        </test-method> <!-- TearDown -->
      </class> <!-- com.TestNGAnnoations.NewUserRegistration -->
    </test> <!-- qnet login test -->
    <test name="tours User Regidtration" duration-ms="46412" started-at="2019-02-08T06:51:56Z" finished-at="2019-02-08T06:52:42Z">
      <class name="com.TestNGAnnoations.SignInFb">
        <test-method status="PASS" signature="SetUP()[pri:0, instance:com.TestNGAnnoations.SignInFb@1500955a]" name="SetUP" is-config="true" duration-ms="37336" started-at="2019-02-08T06:51:56Z" finished-at="2019-02-08T06:52:33Z">
          <reporter-output>
          </reporter-output>
        </test-method> <!-- SetUP -->
        <test-method status="PASS" signature="FbLogin()[pri:0, instance:com.TestNGAnnoations.SignInFb@1500955a]" name="FbLogin" duration-ms="8305" started-at="2019-02-08T06:52:33Z" finished-at="2019-02-08T06:52:41Z">
          <reporter-output>
          </reporter-output>
        </test-method> <!-- FbLogin -->
        <test-method status="PASS" signature="TearDown()[pri:0, instance:com.TestNGAnnoations.SignInFb@1500955a]" name="TearDown" is-config="true" duration-ms="762" started-at="2019-02-08T06:52:41Z" finished-at="2019-02-08T06:52:42Z">
          <reporter-output>
          </reporter-output>
        </test-method> <!-- TearDown -->
      </class> <!-- com.TestNGAnnoations.SignInFb -->
    </test> <!-- tours User Regidtration -->
  </suite> <!-- fb login -->
</testng-results>
