<?xml version="1.0" encoding="UTF-8"?>
<testng-results skipped="0" failed="0" ignored="0" total="1" passed="1">
  <reporter-output>
  </reporter-output>
  <suite name="Default suite" duration-ms="104112" started-at="2019-02-14T12:49:45Z" finished-at="2019-02-14T12:51:29Z">
    <groups>
    </groups>
    <test name="Default test" duration-ms="104112" started-at="2019-02-14T12:49:45Z" finished-at="2019-02-14T12:51:29Z">
      <class name="com.MavenProject.New.ToursLoginTest">
        <test-method status="PASS" signature="Setup()[pri:0, instance:com.MavenProject.New.ToursLoginTest@56ef9176]" name="Setup" is-config="true" duration-ms="52000" started-at="2019-02-14T18:19:45Z" finished-at="2019-02-14T18:20:37Z">
          <reporter-output>
          </reporter-output>
        </test-method> <!-- Setup -->
        <test-method status="PASS" signature="Login()[pri:0, instance:com.MavenProject.New.ToursLoginTest@56ef9176]" name="Login" duration-ms="49732" started-at="2019-02-14T18:20:37Z" finished-at="2019-02-14T18:21:26Z">
          <reporter-output>
          </reporter-output>
        </test-method> <!-- Login -->
        <test-method status="PASS" signature="tearDown()[pri:0, instance:com.MavenProject.New.ToursLoginTest@56ef9176]" name="tearDown" is-config="true" duration-ms="2318" started-at="2019-02-14T18:21:26Z" finished-at="2019-02-14T18:21:29Z">
          <reporter-output>
          </reporter-output>
        </test-method> <!-- tearDown -->
      </class> <!-- com.MavenProject.New.ToursLoginTest -->
    </test> <!-- Default test -->
  </suite> <!-- Default suite -->
</testng-results>
